c:\users\ross is the best\source\repos\co2402-rosskitcher-assignment\co2402-rosskitcher-assignment\debug\vc142.pdb
c:\users\ross is the best\source\repos\co2402-rosskitcher-assignment\co2402-rosskitcher-assignment\debug\vc142.idb
c:\users\ross is the best\source\repos\co2402-rosskitcher-assignment\co2402-rosskitcher-assignment\debug\cpenalty.obj
c:\users\ross is the best\source\repos\co2402-rosskitcher-assignment\co2402-rosskitcher-assignment\debug\cgamemanager.obj
c:\users\ross is the best\source\repos\co2402-rosskitcher-assignment\co2402-rosskitcher-assignment\debug\cbonus.obj
c:\users\ross is the best\source\repos\co2402-rosskitcher-assignment\co2402-rosskitcher-assignment\debug\cplayer.obj
c:\users\ross is the best\source\repos\co2402-rosskitcher-assignment\co2402-rosskitcher-assignment\debug\co2402-rosskitcher-assignment.obj
c:\users\ross is the best\source\repos\co2402-rosskitcher-assignment\co2402-rosskitcher-assignment\debug\cproperty.obj
c:\users\ross is the best\source\repos\co2402-rosskitcher-assignment\co2402-rosskitcher-assignment\debug\cgotojail.obj
c:\users\ross is the best\source\repos\co2402-rosskitcher-assignment\co2402-rosskitcher-assignment\debug\cstation.obj
c:\users\ross is the best\source\repos\co2402-rosskitcher-assignment\co2402-rosskitcher-assignment\debug\csquare.obj
c:\users\ross is the best\source\repos\co2402-rosskitcher-assignment\co2402-rosskitcher-assignment\debug\cjail.obj
c:\users\ross is the best\source\repos\co2402-rosskitcher-assignment\co2402-rosskitcher-assignment\debug\cfreeparking.obj
c:\users\ross is the best\source\repos\co2402-rosskitcher-assignment\co2402-rosskitcher-assignment\debug\cbank.obj
c:\users\ross is the best\source\repos\co2402-rosskitcher-assignment\debug\co2402-rosskitcher-assignment.exe
c:\users\ross is the best\source\repos\co2402-rosskitcher-assignment\co2402-rosskitcher-assignment\debug\co2402-rosskitcher-assignment.ilk
c:\users\ross is the best\source\repos\co2402-rosskitcher-assignment\debug\co2402-rosskitcher-assignment.pdb
c:\users\ross is the best\source\repos\co2402-rosskitcher-assignment\co2402-rosskitcher-assignment\debug\co2402-r.15c822b2.tlog\cl.command.1.tlog
c:\users\ross is the best\source\repos\co2402-rosskitcher-assignment\co2402-rosskitcher-assignment\debug\co2402-r.15c822b2.tlog\cl.read.1.tlog
c:\users\ross is the best\source\repos\co2402-rosskitcher-assignment\co2402-rosskitcher-assignment\debug\co2402-r.15c822b2.tlog\cl.write.1.tlog
c:\users\ross is the best\source\repos\co2402-rosskitcher-assignment\co2402-rosskitcher-assignment\debug\co2402-r.15c822b2.tlog\link.command.1.tlog
c:\users\ross is the best\source\repos\co2402-rosskitcher-assignment\co2402-rosskitcher-assignment\debug\co2402-r.15c822b2.tlog\link.read.1.tlog
c:\users\ross is the best\source\repos\co2402-rosskitcher-assignment\co2402-rosskitcher-assignment\debug\co2402-r.15c822b2.tlog\link.write.1.tlog
